* Starting client
* Connecting to master process on port 6887
* Analyzing classpath: 
  - C:\Users\Katyousha\Documents\University\Third Year\4313\hw2\target\test-classes
  - C:\Users\Katyousha\Documents\University\Third Year\4313\hw2\target\classes
  - C:\Users\Katyousha\.m2\repository\org\junit\jupiter\junit-jupiter-api\5.14.2\junit-jupiter-api-5.14.2.jar
  - C:\Users\Katyousha\.m2\repository\org\opentest4j\opentest4j\1.3.0\opentest4j-1.3.0.jar
  - C:\Users\Katyousha\.m2\repository\org\junit\platform\junit-platform-commons\1.14.2\junit-platform-commons-1.14.2.jar
  - C:\Users\Katyousha\.m2\repository\org\apiguardian\apiguardian-api\1.1.2\apiguardian-api-1.1.2.jar
  - C:\Users\Katyousha\.m2\repository\org\junit\jupiter\junit-jupiter-engine\5.14.2\junit-jupiter-engine-5.14.2.jar
  - C:\Users\Katyousha\.m2\repository\org\junit\platform\junit-platform-engine\1.14.2\junit-platform-engine-1.14.2.jar
  - C:\Users\Katyousha\.m2\repository\org\junit\jupiter\junit-jupiter-params\5.14.2\junit-jupiter-params-5.14.2.jar
  - C:\Users\Katyousha\.m2\repository\org\junit-pioneer\junit-pioneer\1.9.1\junit-pioneer-1.9.1.jar
  - C:\Users\Katyousha\.m2\repository\org\junit\platform\junit-platform-launcher\1.14.2\junit-platform-launcher-1.14.2.jar
  - C:\Users\Katyousha\.m2\repository\commons-io\commons-io\2.21.0\commons-io-2.21.0.jar
  - C:\Users\Katyousha\.m2\repository\org\apache\commons\commons-text\1.15.0\commons-text-1.15.0.jar
  - C:\Users\Katyousha\.m2\repository\org\apache\commons\commons-lang3\3.20.0\commons-lang3-3.20.0.jar
  - C:\Users\Katyousha\.m2\repository\org\mockito\mockito-core\4.11.0\mockito-core-4.11.0.jar
  - C:\Users\Katyousha\.m2\repository\net\bytebuddy\byte-buddy\1.12.19\byte-buddy-1.12.19.jar
  - C:\Users\Katyousha\.m2\repository\net\bytebuddy\byte-buddy-agent\1.12.19\byte-buddy-agent-1.12.19.jar
  - C:\Users\Katyousha\.m2\repository\org\objenesis\objenesis\3.3\objenesis-3.3.jar
  - C:\Users\Katyousha\.m2\repository\junit\junit\4.13.2\junit-4.13.2.jar
  - C:\Users\Katyousha\.m2\repository\org\hamcrest\hamcrest-core\1.3\hamcrest-core-1.3.jar
* Finished analyzing classpath
* Generating tests for class org.apache.commons.cli.CommandLine
* Test criteria:
  - Line Coverage
  - Branch Coverage
* Setting up search algorithm for whole suite generation
* Loaded 54 tests from C:\Users\Katyousha\Documents\University\Third Year\4313\hw2\.evosuite\evosuite-seeds\org.apache.commons.cli.CommandLine.seed
* Total number of test goals: 
  - Line 140
  - Branch 113
* Using seed 1774214723895
* Starting evolution
[MASTER] 17:25:27.578 [pool-2-thread-1] WARN  TestChromosome - Functional mock problem: org.evosuite.ga.ConstructionFailedException: Error: VariableReference: Statement 39, type java.util.LinkedList<java.lang.Object>[] is not assignable to java.util.LinkedList<E>[]
[MASTER] 17:25:27.783 [pool-2-thread-1] WARN  TestChromosome - Functional mock problem: org.evosuite.ga.ConstructionFailedException: Error: VariableReference: Statement 10, type java.util.LinkedList<java.lang.String>[] is not assignable to java.util.LinkedList<E>[]
[MASTER] 17:25:28.216 [pool-2-thread-1] WARN  TestChromosome - Functional mock problem: org.evosuite.ga.ConstructionFailedException: Error: VariableReference: Statement 51, type java.util.LinkedList<java.lang.String>[] is not assignable to java.util.LinkedList<E>[]
[MASTER] 17:25:28.276 [pool-2-thread-1] WARN  TestChromosome - Functional mock problem: org.evosuite.ga.ConstructionFailedException: Error: VariableReference: Statement 33, type java.util.LinkedList<java.util.LinkedList<java.lang.Object>>[] is not assignable to java.util.LinkedList<E>[]
[MASTER] 17:25:28.285 [pool-2-thread-1] WARN  TestChromosome - Functional mock problem: org.evosuite.ga.ConstructionFailedException: Error: VariableReference: Statement 35, type java.util.LinkedList<org.apache.commons.cli.Option>[] is not assignable to java.util.LinkedList<E>[]
[MASTER] 17:25:28.365 [pool-2-thread-1] WARN  TestChromosome - Functional mock problem: org.evosuite.ga.ConstructionFailedException: Error: VariableReference: Statement 31, type java.util.LinkedList<java.lang.String>[] is not assignable to java.util.LinkedList<E>[]
[MASTER] 17:25:28.408 [pool-2-thread-1] WARN  TestChromosome - Functional mock problem: org.evosuite.ga.ConstructionFailedException: Error: VariableReference: Statement 10, type java.util.LinkedList<java.lang.Object>[] is not assignable to java.util.LinkedList<E>[]
[MASTER] 17:25:28.463 [pool-2-thread-1] WARN  TestChromosome - Functional mock problem: org.evosuite.ga.ConstructionFailedException: Error: VariableReference: Statement 10, type java.util.LinkedList<org.apache.commons.cli.Option>[] is not assignable to java.util.LinkedList<E>[]
[MASTER] 17:25:28.484 [pool-2-thread-1] WARN  TestChromosome - Functional mock problem: org.evosuite.ga.ConstructionFailedException: Error: VariableReference: Statement 35, type java.util.LinkedList<java.lang.String>[] is not assignable to java.util.LinkedList<E>[]
[MASTER] 17:25:28.522 [pool-2-thread-1] WARN  TestChromosome - Functional mock problem: org.evosuite.ga.ConstructionFailedException: Error: VariableReference: Statement 47, type java.util.LinkedList<java.lang.Integer>[] is not assignable to java.util.LinkedList<E>[]
[MASTER] 17:25:28.542 [pool-2-thread-1] WARN  TestChromosome - Functional mock problem: org.evosuite.ga.ConstructionFailedException: Error: VariableReference: Statement 41, type java.util.LinkedList<java.time.temporal.ChronoField>[] is not assignable to java.util.LinkedList<E>[]
[MASTER] 17:25:28.553 [pool-2-thread-1] WARN  TestChromosome - Functional mock problem: org.evosuite.ga.ConstructionFailedException: Error: VariableReference: Statement 49, type java.util.LinkedList<java.io.InputStream>[] is not assignable to java.util.LinkedList<E>[]
[MASTER] 17:25:28.566 [pool-2-thread-1] WARN  TestChromosome - Functional mock problem: org.evosuite.ga.ConstructionFailedException: Error: VariableReference: Statement 45, type java.util.LinkedList<java.time.temporal.ChronoField>[] is not assignable to java.util.LinkedList<E>[]
[MASTER] 17:25:28.696 [pool-2-thread-1] WARN  TestChromosome - Functional mock problem: org.evosuite.ga.ConstructionFailedException: Error: VariableReference: Statement 51, type java.util.LinkedList<java.lang.Integer>[] is not assignable to java.util.LinkedList<E>[]
[MASTER] 17:25:28.740 [pool-2-thread-1] WARN  TestChromosome - Functional mock problem: org.evosuite.ga.ConstructionFailedException: Error: VariableReference: Statement 33, type java.util.LinkedList<java.lang.String>[] is not assignable to java.util.LinkedList<E>[]
[MASTER] 17:25:29.555 [pool-2-thread-1] WARN  TestChromosome - Functional mock problem: org.evosuite.ga.ConstructionFailedException: Error: VariableReference: Statement 10, type java.util.LinkedList<java.util.LinkedList<java.lang.Object>>[] is not assignable to java.util.LinkedList<E>[]
[MASTER] 17:25:29.609 [pool-2-thread-1] WARN  TestChromosome - Functional mock problem: org.evosuite.ga.ConstructionFailedException: Error: VariableReference: Statement 10, type java.util.LinkedList<java.lang.Integer>[] is not assignable to java.util.LinkedList<E>[]
[MASTER] 17:25:29.657 [pool-2-thread-1] WARN  TestChromosome - Functional mock problem: org.evosuite.ga.ConstructionFailedException: Error: VariableReference: Statement 10, type java.util.LinkedList<java.lang.Class<java.time.temporal.ChronoField>>[] is not assignable to java.util.LinkedList<E>[]
[MASTER] 17:25:29.736 [pool-2-thread-1] WARN  TestChromosome - Functional mock problem: org.evosuite.ga.ConstructionFailedException: Error: VariableReference: Statement 10, type java.util.LinkedList<java.io.SequenceInputStream>[] is not assignable to java.util.LinkedList<E>[]
[MASTER] 17:25:29.765 [pool-2-thread-1] WARN  TestChromosome - Functional mock problem: org.evosuite.ga.ConstructionFailedException: Error: VariableReference: Statement 24, type java.lang.Class<java.lang.Integer>[] is not assignable to java.lang.Class<T>[]
[MASTER] 17:25:29.967 [pool-2-thread-1] WARN  TestChromosome - Functional mock problem: org.evosuite.ga.ConstructionFailedException: Error: VariableReference: Statement 10, type java.util.LinkedList<java.time.temporal.ChronoField>[] is not assignable to java.util.LinkedList<E>[]
[MASTER] 17:25:29.982 [pool-2-thread-1] WARN  TestChromosome - Functional mock problem: org.evosuite.ga.ConstructionFailedException: Error: VariableReference: Statement 10, type java.util.LinkedList<java.util.LinkedList<java.time.temporal.ChronoField>>[] is not assignable to java.util.LinkedList<E>[]
[MASTER] 17:25:30.037 [pool-2-thread-1] WARN  TestChromosome - Functional mock problem: org.evosuite.ga.ConstructionFailedException: Failed to add constructor for java.util.LinkedList due to org.evosuite.ga.ConstructionFailedException: Error: VariableReference: Statement 11, type java.util.ArrayDeque<java.lang.Class<java.io.InputStream>> is not assignable to java.util.Collection<? extends java.lang.Class<java.time.temporal.ChronoField>>
[MASTER] 17:25:30.089 [pool-2-thread-1] WARN  TestChromosome - Functional mock problem: org.evosuite.ga.ConstructionFailedException: Error: VariableReference: Statement 10, type java.util.LinkedList<java.io.InputStream>[] is not assignable to java.util.LinkedList<E>[]
[MASTER] 17:25:30.128 [pool-2-thread-1] WARN  TestChromosome - Functional mock problem: org.evosuite.ga.ConstructionFailedException: Error: VariableReference: Statement 10, type java.util.LinkedList<java.lang.Class<java.io.SequenceInputStream>>[] is not assignable to java.util.LinkedList<E>[]
[MASTER] 17:25:30.209 [pool-2-thread-1] WARN  TestChromosome - Functional mock problem: org.evosuite.ga.ConstructionFailedException: Error: VariableReference: Statement 10, type java.util.LinkedList<java.sql.SQLInvalidAuthorizationSpecException>[] is not assignable to java.util.LinkedList<E>[]
[MASTER] 17:25:30.210 [pool-2-thread-1] WARN  TestChromosome - Functional mock problem: org.evosuite.ga.ConstructionFailedException: Error: VariableReference: Statement 10, type java.util.LinkedList<java.util.LinkedList<java.lang.Integer>>[] is not assignable to java.util.LinkedList<E>[]
[MASTER] 17:25:30.251 [pool-2-thread-1] WARN  TestChromosome - Functional mock problem: org.evosuite.ga.ConstructionFailedException: Error: VariableReference: Statement 38, type java.lang.Class<java.lang.Integer>[] is not assignable to java.lang.Class<T>[]
[MASTER] 17:25:30.343 [pool-2-thread-1] WARN  TestChromosome - Functional mock problem: org.evosuite.ga.ConstructionFailedException: Error: VariableReference: Statement 38, type java.lang.Class<org.apache.commons.cli.Option>[] is not assignable to java.lang.Class<T>[]
[MASTER] 17:25:30.358 [pool-2-thread-1] WARN  TestChromosome - Functional mock problem: org.evosuite.ga.ConstructionFailedException: Error: VariableReference: Statement 38, type java.lang.Class<java.io.SequenceInputStream>[] is not assignable to java.lang.Class<T>[]
[MASTER] 17:25:30.414 [pool-2-thread-1] WARN  TestChromosome - Functional mock problem: org.evosuite.ga.ConstructionFailedException: Error: VariableReference: Statement 40, type java.lang.Class<java.lang.String>[] is not assignable to java.lang.Class<T>[]
[MASTER] 17:25:30.422 [pool-2-thread-1] WARN  TestChromosome - Functional mock problem: org.evosuite.ga.ConstructionFailedException: Error: VariableReference: Statement 40, type java.lang.Class<java.lang.Object>[] is not assignable to java.lang.Class<T>[]
[MASTER] 17:25:30.679 [pool-2-thread-1] WARN  TestChromosome - Functional mock problem: org.evosuite.ga.ConstructionFailedException: Error: VariableReference: Statement 10, type java.util.LinkedList<java.lang.Class<java.lang.Integer>>[] is not assignable to java.util.LinkedList<E>[]
[MASTER] 17:25:30.682 [pool-2-thread-1] WARN  TestChromosome - Functional mock problem: org.evosuite.ga.ConstructionFailedException: Error: VariableReference: Statement 24, type java.lang.Class<java.sql.SQLInvalidAuthorizationSpecException>[] is not assignable to java.lang.Class<T>[]
[MASTER] 17:25:30.703 [pool-2-thread-1] WARN  TestChromosome - Functional mock problem: org.evosuite.ga.ConstructionFailedException: Error: VariableReference: Statement 40, type java.lang.Class<java.time.temporal.ChronoField>[] is not assignable to java.lang.Class<T>[]
[MASTER] 17:25:30.771 [pool-2-thread-1] WARN  TestChromosome - Functional mock problem: org.evosuite.ga.ConstructionFailedException: Have no generator for class org.apache.commons.text.similarity.LongestCommonSubsequence canUseFunctionalMocks=false, canBeMocked: true
[MASTER] 17:25:31.007 [pool-2-thread-1] WARN  TestChromosome - Functional mock problem: org.evosuite.ga.ConstructionFailedException: Error: VariableReference: Statement 24, type java.lang.Class<java.io.InputStream>[] is not assignable to java.lang.Class<T>[]
[MASTER] 17:25:31.144 [pool-2-thread-1] WARN  TestChromosome - Functional mock problem: org.evosuite.ga.ConstructionFailedException: Error: VariableReference: Statement 38, type java.lang.Class<java.time.temporal.ChronoField>[] is not assignable to java.lang.Class<T>[]
[MASTER] 17:25:31.166 [pool-2-thread-1] WARN  TestChromosome - Functional mock problem: org.evosuite.ga.ConstructionFailedException: Error: VariableReference: Statement 36, type java.lang.Class<org.apache.commons.cli.Option>[] is not assignable to java.lang.Class<T>[]
[MASTER] 17:25:31.207 [pool-2-thread-1] WARN  TestChromosome - Functional mock problem: org.evosuite.ga.ConstructionFailedException: Error: VariableReference: Statement 10, type java.util.LinkedList<java.lang.Class<java.lang.String>>[] is not assignable to java.util.LinkedList<E>[]
[MASTER] 17:25:31.395 [pool-2-thread-1] WARN  TestChromosome - Functional mock problem: org.evosuite.ga.ConstructionFailedException: Error: VariableReference: Statement 36, type java.lang.Class<java.io.SequenceInputStream>[] is not assignable to java.lang.Class<T>[]
[MASTER] 17:25:31.470 [pool-2-thread-1] WARN  TestChromosome - Functional mock problem: org.evosuite.ga.ConstructionFailedException: Error: VariableReference: Statement 39, type java.util.LinkedList<java.io.SequenceInputStream>[] is not assignable to java.util.LinkedList<E>[]
[MASTER] 17:25:31.963 [pool-2-thread-1] WARN  TestChromosome - Functional mock problem: org.evosuite.ga.ConstructionFailedException: Error: VariableReference: Statement 36, type java.lang.Class<java.lang.Object>[] is not assignable to java.lang.Class<T>[]
[MASTER] 17:25:32.084 [pool-2-thread-1] WARN  TestChromosome - Functional mock problem: org.evosuite.ga.ConstructionFailedException: Error: VariableReference: Statement 36, type java.lang.Class<java.time.temporal.ChronoField>[] is not assignable to java.lang.Class<T>[]
[MASTER] 17:25:32.412 [pool-2-thread-1] WARN  TestChromosome - Functional mock problem: org.evosuite.ga.ConstructionFailedException: Error: VariableReference: Statement 10, type java.util.LinkedList<java.util.LinkedList<org.apache.commons.cli.Option>>[] is not assignable to java.util.LinkedList<E>[]
[MASTER] 17:25:32.478 [pool-2-thread-1] WARN  TestChromosome - Functional mock problem: org.evosuite.ga.ConstructionFailedException: Error: VariableReference: Statement 10, type java.util.LinkedList<java.lang.Class<org.apache.commons.cli.Option>>[] is not assignable to java.util.LinkedList<E>[]
[MASTER] 17:25:32.949 [pool-2-thread-1] WARN  TestChromosome - Functional mock problem: org.evosuite.ga.ConstructionFailedException: Error: VariableReference: Statement 10, type java.util.LinkedList<java.util.LinkedList<java.lang.String>>[] is not assignable to java.util.LinkedList<E>[]
[MASTER] 17:25:33.069 [pool-2-thread-1] WARN  TestChromosome - Functional mock problem: org.evosuite.ga.ConstructionFailedException: Error: VariableReference: Statement 10, type java.util.LinkedList<java.util.LinkedList<java.io.InputStream>>[] is not assignable to java.util.LinkedList<E>[]
[MASTER] 17:25:33.600 [pool-2-thread-1] WARN  TestChromosome - Functional mock problem: org.evosuite.ga.ConstructionFailedException: Failed to add constructor for org.evosuite.runtime.mock.java.io.MockFileInputStream due to org.evosuite.ga.ConstructionFailedException: Failed to add constructor for org.evosuite.runtime.mock.java.io.MockRandomAccessFile due to org.evosuite.ga.ConstructionFailedException: Failed to add constructor for org.evosuite.runtime.mock.java.io.MockFile due to org.evosuite.ga.ConstructionFailedException: Max recursion depth reached
[MASTER] 17:25:33.799 [pool-2-thread-1] WARN  TestChromosome - Functional mock problem: org.evosuite.ga.ConstructionFailedException: Failed to add constructor for java.io.BufferedInputStream due to org.evosuite.ga.ConstructionFailedException: Failed to add constructor for java.io.PushbackInputStream due to org.evosuite.ga.ConstructionFailedException: Failed to add constructor for java.io.BufferedInputStream due to org.evosuite.ga.ConstructionFailedException: Failed to add constructor for java.io.PipedInputStream due to org.evosuite.ga.ConstructionFailedException: Failed to add constructor for java.io.PipedOutputStream due to org.evosuite.ga.ConstructionFailedException: Max recursion depth reached
[MASTER] 17:25:34.093 [pool-2-thread-1] WARN  TestChromosome - Functional mock problem: org.evosuite.ga.ConstructionFailedException: Failed to add constructor for java.util.LinkedList due to org.evosuite.ga.ConstructionFailedException: Error: VariableReference: Statement 11, type java.util.ArrayDeque<java.util.LinkedList<java.io.InputStream>> is not assignable to java.util.Collection<? extends java.util.LinkedList<java.lang.Integer>>
[MASTER] 17:25:34.519 [pool-2-thread-1] WARN  TestChromosome - Functional mock problem: org.evosuite.ga.ConstructionFailedException: Failed to add constructor for java.io.BufferedInputStream due to org.evosuite.ga.ConstructionFailedException: Failed to add constructor for java.io.SequenceInputStream due to org.evosuite.ga.ConstructionFailedException: Failed to add constructor for java.io.ObjectInputStream due to org.evosuite.ga.ConstructionFailedException: Failed to add constructor for java.io.DataInputStream due to org.evosuite.ga.ConstructionFailedException: Failed to add constructor for java.io.SequenceInputStream due to org.evosuite.ga.ConstructionFailedException: Max recursion depth reached
[MASTER] 17:25:34.535 [pool-2-thread-1] WARN  TestChromosome - Functional mock problem: org.evosuite.ga.ConstructionFailedException: Error: VariableReference: Statement 20, type java.lang.Class<java.lang.Integer>[] is not assignable to java.lang.Class<T>[]
[MASTER] 17:25:34.582 [pool-2-thread-1] WARN  TestChromosome - Functional mock problem: org.evosuite.ga.ConstructionFailedException: Failed to add constructor for java.io.BufferedInputStream due to org.evosuite.ga.ConstructionFailedException: Failed to add constructor for java.io.PushbackInputStream due to org.evosuite.ga.ConstructionFailedException: Failed to add constructor for java.io.PipedInputStream due to org.evosuite.ga.ConstructionFailedException: Failed to add constructor for java.io.PipedOutputStream due to org.evosuite.ga.ConstructionFailedException: Failed to add constructor for java.io.PipedInputStream due to org.evosuite.ga.ConstructionFailedException: Max recursion depth reached
[MASTER] 17:25:34.610 [pool-2-thread-1] WARN  TestChromosome - Functional mock problem: org.evosuite.ga.ConstructionFailedException: Error: VariableReference: Statement 10, type java.util.LinkedList<java.util.LinkedList<java.sql.SQLInvalidAuthorizationSpecException>>[] is not assignable to java.util.LinkedList<E>[]
[MASTER] 17:25:34.656 [pool-2-thread-1] WARN  TestChromosome - Functional mock problem: org.evosuite.ga.ConstructionFailedException: Error: VariableReference: Statement 35, type java.lang.Class<java.lang.String>[] is not assignable to java.lang.Class<T>[]
[MASTER] 17:25:34.746 [pool-2-thread-1] WARN  TestChromosome - Functional mock problem: org.evosuite.ga.ConstructionFailedException: Error: VariableReference: Statement 41, type java.lang.Class<java.lang.String>[] is not assignable to java.lang.Class<T>[]
[MASTER] 17:25:40.257 [pool-2-thread-1] WARN  TestChromosome - Functional mock problem: org.evosuite.ga.ConstructionFailedException: Error: VariableReference: Statement 22, type java.lang.Class<java.sql.SQLInvalidAuthorizationSpecException>[] is not assignable to java.lang.Class<T>[]
[MASTER] 17:25:40.533 [pool-2-thread-1] WARN  TestChromosome - Functional mock problem: org.evosuite.ga.ConstructionFailedException: Error: VariableReference: Statement 10, type java.util.LinkedList<java.lang.Class<java.sql.SQLInvalidAuthorizationSpecException>>[] is not assignable to java.util.LinkedList<E>[]
[MASTER] 17:25:40.583 [pool-2-thread-1] WARN  TestChromosome - Functional mock problem: org.evosuite.ga.ConstructionFailedException: Error: VariableReference: Statement 22, type java.lang.Class<java.io.InputStream>[] is not assignable to java.lang.Class<T>[]
[MASTER] 17:25:40.661 [pool-2-thread-1] WARN  TestChromosome - Functional mock problem: org.evosuite.ga.ConstructionFailedException: Failed to add constructor for java.io.PushbackInputStream due to org.evosuite.ga.ConstructionFailedException: Failed to add constructor for java.io.BufferedInputStream due to org.evosuite.ga.ConstructionFailedException: Failed to add constructor for java.io.DataInputStream due to org.evosuite.ga.ConstructionFailedException: Failed to add constructor for java.io.ObjectInputStream due to org.evosuite.ga.ConstructionFailedException: Failed to add constructor for java.io.SequenceInputStream due to org.evosuite.ga.ConstructionFailedException: Max recursion depth reached
[MASTER] 17:25:40.696 [pool-2-thread-1] WARN  TestChromosome - Functional mock problem: org.evosuite.ga.ConstructionFailedException: Error: VariableReference: Statement 26, type java.lang.Class<java.lang.Object>[] is not assignable to java.lang.Class<T>[]
[MASTER] 17:25:40.848 [pool-2-thread-1] WARN  TestChromosome - Functional mock problem: org.evosuite.ga.ConstructionFailedException: Error: VariableReference: Statement 26, type java.lang.Class<java.time.temporal.ChronoField>[] is not assignable to java.lang.Class<T>[]
[MASTER] 17:25:40.851 [pool-2-thread-1] WARN  TestChromosome - Functional mock problem: org.evosuite.ga.ConstructionFailedException: Error: VariableReference: Statement 22, type java.lang.Class<java.lang.Integer>[] is not assignable to java.lang.Class<T>[]
[MASTER] 17:25:40.883 [pool-2-thread-1] WARN  TestChromosome - Functional mock problem: org.evosuite.ga.ConstructionFailedException: Error: VariableReference: Statement 22, type java.lang.Class<org.apache.commons.cli.Option>[] is not assignable to java.lang.Class<T>[]
[MASTER] 17:25:40.887 [pool-2-thread-1] WARN  TestChromosome - Functional mock problem: org.evosuite.ga.ConstructionFailedException: Error: VariableReference: Statement 22, type java.lang.Class<java.io.SequenceInputStream>[] is not assignable to java.lang.Class<T>[]
[MASTER] 17:25:40.982 [pool-2-thread-1] WARN  TestChromosome - Functional mock problem: org.evosuite.ga.ConstructionFailedException: Error: VariableReference: Statement 22, type java.lang.Class<java.lang.String>[] is not assignable to java.lang.Class<T>[]
[MASTER] 17:25:41.166 [pool-2-thread-1] WARN  TestChromosome - Functional mock problem: org.evosuite.ga.ConstructionFailedException: Error: VariableReference: Statement 22, type java.lang.Class<java.lang.Object>[] is not assignable to java.lang.Class<T>[]
[MASTER] 17:25:41.629 [pool-2-thread-1] WARN  TestChromosome - Functional mock problem: org.evosuite.ga.ConstructionFailedException: Error: VariableReference: Statement 22, type java.lang.Class<java.time.temporal.ChronoField>[] is not assignable to java.lang.Class<T>[]
[MASTER] 17:25:41.778 [pool-2-thread-1] WARN  TestChromosome - Functional mock problem: org.evosuite.ga.ConstructionFailedException: Error
[MASTER] 17:25:42.016 [pool-2-thread-1] WARN  TestChromosome - Functional mock problem: org.evosuite.ga.ConstructionFailedException: Error: VariableReference: Statement 32, type java.lang.Class<java.lang.String>[] is not assignable to java.lang.Class<T>[]
[MASTER] 17:25:42.099 [pool-2-thread-1] WARN  TestChromosome - Functional mock problem: org.evosuite.ga.ConstructionFailedException: Cannot instantiate a class with a class
[MASTER] 17:25:42.132 [pool-2-thread-1] WARN  TestChromosome - Functional mock problem: org.evosuite.ga.ConstructionFailedException: Error: VariableReference: Statement 22, type java.lang.Class<java.util.LinkedList<java.time.temporal.ChronoField>>[] is not assignable to java.lang.Class<T>[]
[MASTER] 17:25:42.288 [pool-2-thread-1] WARN  TestChromosome - Functional mock problem: org.evosuite.ga.ConstructionFailedException: Error: VariableReference: Statement 22, type java.lang.Class<java.lang.Class<org.apache.commons.cli.Option>>[] is not assignable to java.lang.Class<T>[]
[MASTER] 17:25:45.683 [pool-2-thread-1] WARN  TestChromosome - Functional mock problem: org.evosuite.ga.ConstructionFailedException: Error: VariableReference: Statement 22, type java.lang.Class<java.util.LinkedList<org.apache.commons.cli.Option>>[] is not assignable to java.lang.Class<T>[]
[MASTER] 17:25:45.882 [pool-2-thread-1] WARN  TestChromosome - Functional mock problem: org.evosuite.ga.ConstructionFailedException: Error: VariableReference: Statement 22, type java.lang.Class<java.lang.Class<java.lang.Object>>[] is not assignable to java.lang.Class<T>[]
[MASTER] 17:25:46.254 [pool-2-thread-1] WARN  TestChromosome - Functional mock problem: org.evosuite.ga.ConstructionFailedException: Error: VariableReference: Statement 22, type java.lang.Class<java.util.LinkedList<java.lang.Object>>[] is not assignable to java.lang.Class<T>[]
[MASTER] 17:25:46.932 [pool-2-thread-1] WARN  TestChromosome - Functional mock problem: org.evosuite.ga.ConstructionFailedException: Error: VariableReference: Statement 22, type java.lang.Class<java.lang.Class<java.lang.Integer>>[] is not assignable to java.lang.Class<T>[]
[MASTER] 17:25:47.228 [pool-2-thread-1] WARN  TestChromosome - Functional mock problem: org.evosuite.ga.ConstructionFailedException: Error: VariableReference: Statement 31, type java.util.LinkedList<java.sql.SQLInvalidAuthorizationSpecException>[] is not assignable to java.util.LinkedList<E>[]
[MASTER] 17:25:47.868 [pool-2-thread-1] WARN  TestChromosome - Functional mock problem: org.evosuite.ga.ConstructionFailedException: Error: VariableReference: Statement 22, type java.lang.Class<java.util.LinkedList<java.lang.Integer>>[] is not assignable to java.lang.Class<T>[]
[MASTER] 17:25:48.000 [pool-2-thread-1] WARN  TestChromosome - Functional mock problem: org.evosuite.ga.ConstructionFailedException: Error: VariableReference: Statement 22, type java.lang.Class<java.lang.Class<java.time.temporal.ChronoField>>[] is not assignable to java.lang.Class<T>[]
[MASTER] 17:25:53.040 [pool-2-thread-1] WARN  TestChromosome - Functional mock problem: org.evosuite.ga.ConstructionFailedException: Error: VariableReference: Statement 37, type java.util.LinkedList<java.lang.Object>[] is not assignable to java.util.LinkedList<E>[]
[MASTER] 17:25:53.310 [pool-2-thread-1] WARN  TestChromosome - Functional mock problem: org.evosuite.ga.ConstructionFailedException: Error: VariableReference: Statement 22, type java.lang.Class<java.lang.Class<java.io.InputStream>>[] is not assignable to java.lang.Class<T>[]
[MASTER] 17:26:03.562 [pool-2-thread-1] WARN  TestChromosome - Functional mock problem: org.evosuite.ga.ConstructionFailedException: Error: VariableReference: Statement 22, type java.lang.Class<java.util.LinkedList<java.io.InputStream>>[] is not assignable to java.lang.Class<T>[]
[MASTER] 17:26:03.923 [pool-2-thread-1] WARN  TestChromosome - Functional mock problem: org.evosuite.ga.ConstructionFailedException: Error: VariableReference: Statement 22, type java.lang.Class<java.lang.Class<java.lang.String>>[] is not assignable to java.lang.Class<T>[]
[MASTER] 17:26:05.329 [pool-2-thread-1] WARN  TestChromosome - Functional mock problem: org.evosuite.ga.ConstructionFailedException: Error: VariableReference: Statement 31, type java.util.LinkedList<org.apache.commons.cli.Option>[] is not assignable to java.util.LinkedList<E>[]
[MASTER] 17:26:12.431 [pool-2-thread-1] WARN  TestChromosome - Functional mock problem: org.evosuite.ga.ConstructionFailedException: Error: VariableReference: Statement 22, type java.lang.Class<java.util.LinkedList<java.sql.SQLInvalidAuthorizationSpecException>>[] is not assignable to java.lang.Class<T>[]
[MASTER] 17:26:15.098 [pool-2-thread-1] WARN  TestChromosome - Functional mock problem: org.evosuite.ga.ConstructionFailedException: Error: VariableReference: Statement 22, type java.lang.Class<java.util.LinkedList<java.io.SequenceInputStream>>[] is not assignable to java.lang.Class<T>[]
[MASTER] 17:26:16.081 [pool-2-thread-1] WARN  TestChromosome - Functional mock problem: org.evosuite.ga.ConstructionFailedException: Error: VariableReference: Statement 32, type java.util.LinkedList<java.lang.String>[] is not assignable to java.util.LinkedList<E>[]
[MASTER] 17:26:17.082 [pool-2-thread-1] WARN  TestChromosome - Functional mock problem: org.evosuite.ga.ConstructionFailedException: Error: VariableReference: Statement 22, type java.lang.Class<java.time.chrono.ChronoLocalDate>[] is not assignable to java.lang.Class<T>[]
[MASTER] 17:26:17.161 [pool-2-thread-1] WARN  TestChromosome - Functional mock problem: org.evosuite.ga.ConstructionFailedException: Error: VariableReference: Statement 28, type java.lang.Class<org.apache.commons.cli.Option>[] is not assignable to java.lang.Class<T>[]
[MASTER] 17:26:19.879 [pool-2-thread-1] WARN  TestChromosome - Functional mock problem: org.evosuite.ga.ConstructionFailedException: Error: VariableReference: Statement 33, type java.util.LinkedList<java.time.temporal.ChronoField>[] is not assignable to java.util.LinkedList<E>[]
[MASTER] 17:26:20.106 [pool-2-thread-1] WARN  TestChromosome - Functional mock problem: org.evosuite.ga.ConstructionFailedException: Have no generator for class java.time.chrono.HijrahChronology canUseFunctionalMocks=true, canBeMocked: false
[MASTER] 17:26:25.005 [pool-2-thread-1] WARN  TestChromosome - Functional mock problem: org.evosuite.ga.ConstructionFailedException: Error: VariableReference: Statement 29, type java.lang.Class<java.lang.String>[] is not assignable to java.lang.Class<T>[]
[MASTER] 17:26:28.902 [pool-2-thread-1] WARN  TestChromosome - Functional mock problem: org.evosuite.ga.ConstructionFailedException: Error: VariableReference: Statement 37, type java.util.LinkedList<java.lang.Integer>[] is not assignable to java.util.LinkedList<E>[]
* Search finished after 66s and 557 generations, 431022 statements, best individual has fitness: 3.8
* Writing sequences to pool
* Minimizing test suite
* Going to analyze the coverage criteria
* Coverage analysis for criterion LINE
* Coverage of criterion LINE: 96%
* Total number of goals: 140
* Number of covered goals: 135
* Coverage analysis for criterion BRANCH
* Coverage of criterion BRANCH: 97%
* Total number of goals: 113
* Number of covered goals: 110
* Generated 50 tests with total length 197
* Resulting test suite's coverage: 97% (average coverage for all fitness functions)
* Generating assertions
* Resulting test suite's mutation score: 37%
* Compiling and checking tests
* Writing JUnit test case 'CommandLine_ESTest' to C:\Users\Katyousha\Documents\University\Third Year\4313\hw2\.evosuite\tmp_2026_03_22_17_25_22\tests
* Done!

